This file contains any messages produced by compilers while
running configure, to aid debugging if configure makes a mistake.

It was created by gf-complete configure 1.0, which was
generated by GNU Autoconf 2.61.  Invocation command line was

  $ ./configure 

## --------- ##
## Platform. ##
## --------- ##

hostname = demon-System-Product-Name
uname -m = x86_64
uname -r = 4.10.0-40-generic
uname -s = Linux
uname -v = #44~16.04.1-Ubuntu SMP Thu Nov 9 15:37:44 UTC 2017

/usr/bin/uname -p = unknown
/bin/uname -X     = unknown

/bin/arch              = unknown
/usr/bin/arch -k       = unknown
/usr/convex/getsysinfo = unknown
/usr/bin/hostinfo      = unknown
/bin/machine           = unknown
/usr/bin/oslevel       = unknown
/bin/universe          = unknown

PATH: /home/demon/bin
PATH: /home/demon/.local/bin
PATH: /usr/local/sbin
PATH: /usr/local/bin
PATH: /usr/sbin
PATH: /usr/bin
PATH: /sbin
PATH: /bin
PATH: /usr/games
PATH: /usr/local/games
PATH: /snap/bin


## ----------- ##
## Core tests. ##
## ----------- ##

configure:1827: checking for a BSD-compatible install
configure:1883: result: /usr/bin/install -c
configure:1894: checking whether build environment is sane
configure:1937: result: yes
configure:1965: checking for a thread-safe mkdir -p
configure:2004: result: /bin/mkdir -p
configure:2017: checking for gawk
configure:2047: result: no
configure:2017: checking for mawk
configure:2033: found /usr/bin/mawk
configure:2044: result: mawk
configure:2055: checking whether make sets $(MAKE)
configure:2076: result: yes
configure:2295: checking build system type
configure:2313: result: x86_64-unknown-linux-gnu
configure:2335: checking host system type
configure:2350: result: x86_64-unknown-linux-gnu
configure:2393: checking how to print strings
configure:2420: result: printf
configure:2489: checking for gcc
configure:2505: found /usr/bin/gcc
configure:2516: result: gcc
configure:2754: checking for C compiler version
configure:2761: gcc --version >&5
gcc (Ubuntu 5.4.0-6ubuntu1~16.04.4) 5.4.0 20160609
Copyright (C) 2015 Free Software Foundation, Inc.
This is free software; see the source for copying conditions.  There is NO
warranty; not even for MERCHANTABILITY or FITNESS FOR A PARTICULAR PURPOSE.

configure:2764: $? = 0
configure:2771: gcc -v >&5
Using built-in specs.
COLLECT_GCC=gcc
COLLECT_LTO_WRAPPER=/usr/lib/gcc/x86_64-linux-gnu/5/lto-wrapper
Target: x86_64-linux-gnu
Configured with: ../src/configure -v --with-pkgversion='Ubuntu 5.4.0-6ubuntu1~16.04.4' --with-bugurl=file:///usr/share/doc/gcc-5/README.Bugs --enable-languages=c,ada,c++,java,go,d,fortran,objc,obj-c++ --prefix=/usr --program-suffix=-5 --enable-shared --enable-linker-build-id --libexecdir=/usr/lib --without-included-gettext --enable-threads=posix --libdir=/usr/lib --enable-nls --with-sysroot=/ --enable-clocale=gnu --enable-libstdcxx-debug --enable-libstdcxx-time=yes --with-default-libstdcxx-abi=new --enable-gnu-unique-object --disable-vtable-verify --enable-libmpx --enable-plugin --with-system-zlib --disable-browser-plugin --enable-java-awt=gtk --enable-gtk-cairo --with-java-home=/usr/lib/jvm/java-1.5.0-gcj-5-amd64/jre --enable-java-home --with-jvm-root-dir=/usr/lib/jvm/java-1.5.0-gcj-5-amd64 --with-jvm-jar-dir=/usr/lib/jvm-exports/java-1.5.0-gcj-5-amd64 --with-arch-directory=amd64 --with-ecj-jar=/usr/share/java/eclipse-ecj.jar --enable-objc-gc --enable-multiarch --disable-werror --with-arch-32=i686 --with-abi=m64 --with-multilib-list=m32,m64,mx32 --enable-multilib --with-tune=generic --enable-checking=release --build=x86_64-linux-gnu --host=x86_64-linux-gnu --target=x86_64-linux-gnu
Thread model: posix
gcc version 5.4.0 20160609 (Ubuntu 5.4.0-6ubuntu1~16.04.4) 
configure:2774: $? = 0
configure:2781: gcc -V >&5
gcc: error: unrecognized command line option '-V'
gcc: fatal error: no input files
compilation terminated.
configure:2784: $? = 1
configure:2807: checking for C compiler default output file name
configure:2834: gcc    conftest.c  >&5
configure:2837: $? = 0
configure:2875: result: a.out
configure:2892: checking whether the C compiler works
configure:2902: ./a.out
configure:2905: $? = 0
configure:2922: result: yes
configure:2929: checking whether we are cross compiling
configure:2931: result: no
configure:2934: checking for suffix of executables
configure:2941: gcc -o conftest    conftest.c  >&5
configure:2944: $? = 0
configure:2968: result: 
configure:2974: checking for suffix of object files
configure:3000: gcc -c   conftest.c >&5
configure:3003: $? = 0
configure:3026: result: o
configure:3030: checking whether we are using the GNU C compiler
configure:3059: gcc -c   conftest.c >&5
configure:3065: $? = 0
configure:3082: result: yes
configure:3087: checking whether gcc accepts -g
configure:3117: gcc -c -g  conftest.c >&5
configure:3123: $? = 0
configure:3222: result: yes
configure:3239: checking for gcc option to accept ISO C89
configure:3313: gcc  -c -g -O2  conftest.c >&5
configure:3319: $? = 0
configure:3342: result: none needed
configure:3360: checking for a sed that does not truncate output
configure:3439: result: /bin/sed
configure:3457: checking for grep that handles long lines and -e
configure:3531: result: /bin/grep
configure:3536: checking for egrep
configure:3614: result: /bin/grep -E
configure:3619: checking for fgrep
configure:3697: result: /bin/grep -F
configure:3732: checking for ld used by gcc
configure:3799: result: /usr/bin/ld
configure:3808: checking if the linker (/usr/bin/ld) is GNU ld
configure:3823: result: yes
configure:3835: checking for BSD- or MS-compatible name lister (nm)
configure:3884: result: /usr/bin/nm -B
configure:4018: checking the name lister (/usr/bin/nm -B) interface
configure:4025: gcc -c -g -O2  conftest.c >&5
configure:4028: /usr/bin/nm -B "conftest.o"
configure:4031: output
0000000000000000 B some_variable
configure:4038: result: BSD nm
configure:4041: checking whether ln -s works
configure:4045: result: yes
configure:4053: checking the maximum length of command line arguments
configure:4178: result: 1572864
configure:4195: checking whether the shell understands some XSI constructs
configure:4205: result: yes
configure:4209: checking whether the shell understands "+="
configure:4215: result: yes
configure:4250: checking for /usr/bin/ld option to reload object files
configure:4257: result: -r
configure:4326: checking for objdump
configure:4342: found /usr/bin/objdump
configure:4353: result: objdump
configure:4389: checking how to recognize dependent libraries
configure:4591: result: pass_all
configure:4651: checking for ar
configure:4667: found /usr/bin/ar
configure:4678: result: ar
configure:4760: checking for strip
configure:4776: found /usr/bin/strip
configure:4787: result: strip
configure:4863: checking for ranlib
configure:4879: found /usr/bin/ranlib
configure:4890: result: ranlib
configure:4996: checking command to parse /usr/bin/nm -B output from gcc object
configure:5114: gcc -c -g -O2  conftest.c >&5
configure:5117: $? = 0
configure:5121: /usr/bin/nm -B conftest.o \| sed -n -e 's/^.*[ ]\([ABCDGIRSTW][ABCDGIRSTW]*\)[ ][ ]*\([_A-Za-z][_A-Za-z0-9]*\)$/\1 \2 \2/p' \> conftest.nm
configure:5124: $? = 0
configure:5178: gcc -o conftest -g -O2   conftest.c conftstm.o >&5
configure:5181: $? = 0
configure:5219: result: ok
configure:5315: gcc -c -g -O2  conftest.c >&5
configure:5318: $? = 0
configure:6130: checking how to run the C preprocessor
configure:6170: gcc -E  conftest.c
configure:6176: $? = 0
configure:6207: gcc -E  conftest.c
conftest.c:10:28: fatal error: ac_nonexistent.h: No such file or directory
compilation terminated.
configure:6213: $? = 1
configure: failed program was:
| /* confdefs.h.  */
| #define PACKAGE_NAME "gf-complete"
| #define PACKAGE_TARNAME "gf-complete"
| #define PACKAGE_VERSION "1.0"
| #define PACKAGE_STRING "gf-complete 1.0"
| #define PACKAGE_BUGREPORT ""
| #define PACKAGE "gf-complete"
| #define VERSION "1.0"
| /* end confdefs.h.  */
| #include <ac_nonexistent.h>
configure:6246: result: gcc -E
configure:6275: gcc -E  conftest.c
configure:6281: $? = 0
configure:6312: gcc -E  conftest.c
conftest.c:10:28: fatal error: ac_nonexistent.h: No such file or directory
compilation terminated.
configure:6318: $? = 1
configure: failed program was:
| /* confdefs.h.  */
| #define PACKAGE_NAME "gf-complete"
| #define PACKAGE_TARNAME "gf-complete"
| #define PACKAGE_VERSION "1.0"
| #define PACKAGE_STRING "gf-complete 1.0"
| #define PACKAGE_BUGREPORT ""
| #define PACKAGE "gf-complete"
| #define VERSION "1.0"
| /* end confdefs.h.  */
| #include <ac_nonexistent.h>
configure:6356: checking for ANSI C header files
configure:6386: gcc -c -g -O2  conftest.c >&5
configure:6392: $? = 0
configure:6491: gcc -o conftest -g -O2   conftest.c  >&5
configure:6494: $? = 0
configure:6500: ./conftest
configure:6503: $? = 0
configure:6520: result: yes
configure:6544: checking for sys/types.h
configure:6565: gcc -c -g -O2  conftest.c >&5
configure:6571: $? = 0
configure:6587: result: yes
configure:6544: checking for sys/stat.h
configure:6565: gcc -c -g -O2  conftest.c >&5
configure:6571: $? = 0
configure:6587: result: yes
configure:6544: checking for stdlib.h
configure:6565: gcc -c -g -O2  conftest.c >&5
configure:6571: $? = 0
configure:6587: result: yes
configure:6544: checking for string.h
configure:6565: gcc -c -g -O2  conftest.c >&5
configure:6571: $? = 0
configure:6587: result: yes
configure:6544: checking for memory.h
configure:6565: gcc -c -g -O2  conftest.c >&5
configure:6571: $? = 0
configure:6587: result: yes
configure:6544: checking for strings.h
configure:6565: gcc -c -g -O2  conftest.c >&5
configure:6571: $? = 0
configure:6587: result: yes
configure:6544: checking for inttypes.h
configure:6565: gcc -c -g -O2  conftest.c >&5
configure:6571: $? = 0
configure:6587: result: yes
configure:6544: checking for stdint.h
configure:6565: gcc -c -g -O2  conftest.c >&5
configure:6571: $? = 0
configure:6587: result: yes
configure:6544: checking for unistd.h
configure:6565: gcc -c -g -O2  conftest.c >&5
configure:6571: $? = 0
configure:6587: result: yes
configure:6603: checking for dlfcn.h
configure:6624: gcc -c -g -O2  conftest.c >&5
configure:6630: $? = 0
configure:6646: result: yes
configure:6833: checking for objdir
configure:6848: result: .libs
configure:7119: checking if gcc supports -fno-rtti -fno-exceptions
configure:7137: gcc -c -g -O2  -fno-rtti -fno-exceptions conftest.c >&5
cc1: warning: command line option '-fno-rtti' is valid for C++/ObjC++ but not for C
configure:7141: $? = 0
configure:7154: result: no
configure:7174: checking for gcc option to produce PIC
configure:7459: result: -fPIC -DPIC
configure:7471: checking if gcc PIC flag -fPIC -DPIC works
configure:7489: gcc -c -g -O2  -fPIC -DPIC -DPIC conftest.c >&5
configure:7493: $? = 0
configure:7506: result: yes
configure:7530: checking if gcc static flag -static works
configure:7558: result: yes
configure:7573: checking if gcc supports -c -o file.o
configure:7594: gcc -c -g -O2  -o out/conftest2.o conftest.c >&5
configure:7598: $? = 0
configure:7620: result: yes
configure:7628: checking if gcc supports -c -o file.o
configure:7675: result: yes
configure:7708: checking whether the gcc linker (/usr/bin/ld -m elf_x86_64) supports shared libraries
configure:8859: result: yes
configure:8896: checking whether -lc should be explicitly linked in
configure:8904: gcc -c -g -O2  conftest.c >&5
configure:8907: $? = 0
configure:8922: gcc -shared conftest.o  -v -Wl,-soname -Wl,conftest -o conftest 2\>\&1 \| /bin/grep  -lc  \>/dev/null 2\>\&1
configure:8925: $? = 0
configure:8939: result: no
configure:9104: checking dynamic linker characteristics
configure:9569: gcc -o conftest -g -O2   -Wl,-rpath -Wl,/foo conftest.c  >&5
configure:9575: $? = 0
configure:9809: result: GNU/Linux ld.so
configure:9916: checking how to hardcode library paths into programs
configure:9941: result: immediate
configure:10766: checking whether stripping libraries is possible
configure:10771: result: yes
configure:10806: checking if libtool supports shared libraries
configure:10808: result: yes
configure:10811: checking whether to build shared libraries
configure:10832: result: yes
configure:10835: checking whether to build static libraries
configure:10839: result: yes
configure:10881: checking whether to enable maintainer-specific portions of Makefiles
configure:10890: result: no
configure:10956: checking for gcc
configure:10983: result: gcc
configure:11221: checking for C compiler version
configure:11228: gcc --version >&5
gcc (Ubuntu 5.4.0-6ubuntu1~16.04.4) 5.4.0 20160609
Copyright (C) 2015 Free Software Foundation, Inc.
This is free software; see the source for copying conditions.  There is NO
warranty; not even for MERCHANTABILITY or FITNESS FOR A PARTICULAR PURPOSE.

configure:11231: $? = 0
configure:11238: gcc -v >&5
Using built-in specs.
COLLECT_GCC=gcc
COLLECT_LTO_WRAPPER=/usr/lib/gcc/x86_64-linux-gnu/5/lto-wrapper
Target: x86_64-linux-gnu
Configured with: ../src/configure -v --with-pkgversion='Ubuntu 5.4.0-6ubuntu1~16.04.4' --with-bugurl=file:///usr/share/doc/gcc-5/README.Bugs --enable-languages=c,ada,c++,java,go,d,fortran,objc,obj-c++ --prefix=/usr --program-suffix=-5 --enable-shared --enable-linker-build-id --libexecdir=/usr/lib --without-included-gettext --enable-threads=posix --libdir=/usr/lib --enable-nls --with-sysroot=/ --enable-clocale=gnu --enable-libstdcxx-debug --enable-libstdcxx-time=yes --with-default-libstdcxx-abi=new --enable-gnu-unique-object --disable-vtable-verify --enable-libmpx --enable-plugin --with-system-zlib --disable-browser-plugin --enable-java-awt=gtk --enable-gtk-cairo --with-java-home=/usr/lib/jvm/java-1.5.0-gcj-5-amd64/jre --enable-java-home --with-jvm-root-dir=/usr/lib/jvm/java-1.5.0-gcj-5-amd64 --with-jvm-jar-dir=/usr/lib/jvm-exports/java-1.5.0-gcj-5-amd64 --with-arch-directory=amd64 --with-ecj-jar=/usr/share/java/eclipse-ecj.jar --enable-objc-gc --enable-multiarch --disable-werror --with-arch-32=i686 --with-abi=m64 --with-multilib-list=m32,m64,mx32 --enable-multilib --with-tune=generic --enable-checking=release --build=x86_64-linux-gnu --host=x86_64-linux-gnu --target=x86_64-linux-gnu
Thread model: posix
gcc version 5.4.0 20160609 (Ubuntu 5.4.0-6ubuntu1~16.04.4) 
configure:11241: $? = 0
configure:11248: gcc -V >&5
gcc: error: unrecognized command line option '-V'
gcc: fatal error: no input files
compilation terminated.
configure:11251: $? = 1
configure:11254: checking whether we are using the GNU C compiler
configure:11306: result: yes
configure:11311: checking whether gcc accepts -g
configure:11446: result: yes
configure:11463: checking for gcc option to accept ISO C89
configure:11566: result: none needed
configure:11592: checking for x86 cpuid  output
configure:11631: gcc -o conftest -O3 -g   conftest.c  >&5
conftest.c: In function 'main':
conftest.c:27:15: error: expected expression before ',' token
      int op = , eax, ebx, ecx, edx;
               ^
configure:11634: $? = 1
configure: program exited with status 1
configure: failed program was:
| /* confdefs.h.  */
| #define PACKAGE_NAME "gf-complete"
| #define PACKAGE_TARNAME "gf-complete"
| #define PACKAGE_VERSION "1.0"
| #define PACKAGE_STRING "gf-complete 1.0"
| #define PACKAGE_BUGREPORT ""
| #define PACKAGE "gf-complete"
| #define VERSION "1.0"
| #define STDC_HEADERS 1
| #define HAVE_SYS_TYPES_H 1
| #define HAVE_SYS_STAT_H 1
| #define HAVE_STDLIB_H 1
| #define HAVE_STRING_H 1
| #define HAVE_MEMORY_H 1
| #define HAVE_STRINGS_H 1
| #define HAVE_INTTYPES_H 1
| #define HAVE_STDINT_H 1
| #define HAVE_UNISTD_H 1
| #define HAVE_DLFCN_H 1
| #define LT_OBJDIR ".libs/"
| /* end confdefs.h.  */
| #include <stdio.h>
| int
| main ()
| {
| 
|      int op = , eax, ebx, ecx, edx;
|      FILE *f;
|       __asm__("cpuid"
|         : "=a" (eax), "=b" (ebx), "=c" (ecx), "=d" (edx)
|         : "a" (op));
|      f = fopen("conftest_cpuid", "w"); if (!f) return 1;
|      fprintf(f, "%x:%x:%x:%x\n", eax, ebx, ecx, edx);
|      fclose(f);
|      return 0;
| 
|   ;
|   return 0;
| }
configure:11659: result: unknown
configure:11675: checking for x86-AVX xgetbv  output
configure:11715: gcc -o conftest -O3 -g   conftest.c  >&5
conftest.c: In function 'main':
conftest.c:27:15: error: expected expression before ',' token
      int op = , eax, edx;
               ^
configure:11718: $? = 1
configure: program exited with status 1
configure: failed program was:
| /* confdefs.h.  */
| #define PACKAGE_NAME "gf-complete"
| #define PACKAGE_TARNAME "gf-complete"
| #define PACKAGE_VERSION "1.0"
| #define PACKAGE_STRING "gf-complete 1.0"
| #define PACKAGE_BUGREPORT ""
| #define PACKAGE "gf-complete"
| #define VERSION "1.0"
| #define STDC_HEADERS 1
| #define HAVE_SYS_TYPES_H 1
| #define HAVE_SYS_STAT_H 1
| #define HAVE_STDLIB_H 1
| #define HAVE_STRING_H 1
| #define HAVE_MEMORY_H 1
| #define HAVE_STRINGS_H 1
| #define HAVE_INTTYPES_H 1
| #define HAVE_STDINT_H 1
| #define HAVE_UNISTD_H 1
| #define HAVE_DLFCN_H 1
| #define LT_OBJDIR ".libs/"
| /* end confdefs.h.  */
| #include <stdio.h>
| int
| main ()
| {
| 
|      int op = , eax, edx;
|      FILE *f;
|       /* Opcodes for xgetbv */
|       __asm__(".byte 0x0f, 0x01, 0xd0"
|         : "=a" (eax), "=d" (edx)
|         : "c" (op));
|      f = fopen("conftest_xgetbv", "w"); if (!f) return 1;
|      fprintf(f, "%x:%x\n", eax, edx);
|      fclose(f);
|      return 0;
| 
|   ;
|   return 0;
| }
configure:11743: result: unknown
configure:11855: checking for x86 cpuid 0x00000001 output
configure:11894: gcc -o conftest -O3 -g   conftest.c  >&5
configure:11897: $? = 0
configure:11903: ./conftest
configure:11906: $? = 0
configure:11922: result: 906e9:4100800:7ffafbff:bfebfbff
configure:11934: checking whether mmx is supported
configure:11946: result: yes
configure:11949: checking whether sse is supported
configure:11961: result: yes
configure:11964: checking whether sse2 is supported
configure:11976: result: yes
configure:11979: checking whether sse3 is supported
configure:11991: result: yes
configure:11994: checking whether pclmuldq is supported
configure:12006: result: yes
configure:12009: checking whether ssse3 is supported
configure:12021: result: yes
configure:12024: checking whether sse4.1 is supported
configure:12036: result: yes
configure:12039: checking whether sse4.2 is supported
configure:12051: result: yes
configure:12054: checking whether avx is supported by processor
configure:12066: result: yes
configure:12077: checking for x86-AVX xgetbv 0x00000000 output
configure:12117: gcc -o conftest -O3 -g   conftest.c  >&5
configure:12120: $? = 0
configure:12126: ./conftest
configure:12129: $? = 0
configure:12145: result: 1f:0
configure:12160: checking whether avx is supported by operating system
configure:12175: result: yes
configure:12184: checking whether C compiler accepts -mmmx
configure:12213: gcc -c -O3 -g  -mmmx  conftest.c >&5
configure:12219: $? = 0
configure:12235: result: yes
configure:12262: checking whether C compiler accepts -msse
configure:12291: gcc -c -O3 -g  -msse  conftest.c >&5
configure:12297: $? = 0
configure:12313: result: yes
configure:12336: checking whether C compiler accepts -msse2
configure:12365: gcc -c -O3 -g  -msse2  conftest.c >&5
configure:12371: $? = 0
configure:12387: result: yes
configure:12410: checking whether C compiler accepts -msse3
configure:12439: gcc -c -O3 -g  -msse3  conftest.c >&5
configure:12445: $? = 0
configure:12461: result: yes
configure:12484: checking whether C compiler accepts -mpclmul
configure:12513: gcc -c -O3 -g  -mpclmul  conftest.c >&5
configure:12519: $? = 0
configure:12535: result: yes
configure:12558: checking whether C compiler accepts -mssse3
configure:12587: gcc -c -O3 -g  -mssse3  conftest.c >&5
configure:12593: $? = 0
configure:12609: result: yes
configure:12632: checking whether C compiler accepts -msse4.1
configure:12661: gcc -c -O3 -g  -msse4.1  conftest.c >&5
configure:12667: $? = 0
configure:12683: result: yes
configure:12706: checking whether C compiler accepts -msse4.2
configure:12735: gcc -c -O3 -g  -msse4.2  conftest.c >&5
configure:12741: $? = 0
configure:12757: result: yes
configure:12780: checking whether C compiler accepts -mavx
configure:12809: gcc -c -O3 -g  -mavx  conftest.c >&5
configure:12815: $? = 0
configure:12831: result: yes
configure:12968: creating ./config.status

## ---------------------- ##
## Running config.status. ##
## ---------------------- ##

This file was extended by gf-complete config.status 1.0, which was
generated by GNU Autoconf 2.61.  Invocation command line was

  CONFIG_FILES    = 
  CONFIG_HEADERS  = 
  CONFIG_LINKS    = 
  CONFIG_COMMANDS = 
  $ ./config.status 

on demon-System-Product-Name

config.status:848: creating Makefile
config.status:848: creating src/Makefile
config.status:848: creating tools/Makefile
config.status:848: creating test/Makefile
config.status:848: creating examples/Makefile
config.status:848: creating include/config.h
config.status:1131: executing libtool commands

## ---------------- ##
## Cache variables. ##
## ---------------- ##

ac_cv_build=x86_64-unknown-linux-gnu
ac_cv_c_compiler_gnu=yes
ac_cv_env_CC_set=
ac_cv_env_CC_value=
ac_cv_env_CFLAGS_set=
ac_cv_env_CFLAGS_value=
ac_cv_env_CPPFLAGS_set=
ac_cv_env_CPPFLAGS_value=
ac_cv_env_CPP_set=
ac_cv_env_CPP_value=
ac_cv_env_LDFLAGS_set=
ac_cv_env_LDFLAGS_value=
ac_cv_env_LIBS_set=
ac_cv_env_LIBS_value=
ac_cv_env_build_alias_set=
ac_cv_env_build_alias_value=
ac_cv_env_host_alias_set=
ac_cv_env_host_alias_value=
ac_cv_env_target_alias_set=
ac_cv_env_target_alias_value=
ac_cv_header_dlfcn_h=yes
ac_cv_header_inttypes_h=yes
ac_cv_header_memory_h=yes
ac_cv_header_stdc=yes
ac_cv_header_stdint_h=yes
ac_cv_header_stdlib_h=yes
ac_cv_header_string_h=yes
ac_cv_header_strings_h=yes
ac_cv_header_sys_stat_h=yes
ac_cv_header_sys_types_h=yes
ac_cv_header_unistd_h=yes
ac_cv_host=x86_64-unknown-linux-gnu
ac_cv_objext=o
ac_cv_path_EGREP='/bin/grep -E'
ac_cv_path_FGREP='/bin/grep -F'
ac_cv_path_GREP=/bin/grep
ac_cv_path_SED=/bin/sed
ac_cv_path_install='/usr/bin/install -c'
ac_cv_path_mkdir=/bin/mkdir
ac_cv_prog_AWK=mawk
ac_cv_prog_CPP='gcc -E'
ac_cv_prog_ac_ct_AR=ar
ac_cv_prog_ac_ct_CC=gcc
ac_cv_prog_ac_ct_OBJDUMP=objdump
ac_cv_prog_ac_ct_RANLIB=ranlib
ac_cv_prog_ac_ct_STRIP=strip
ac_cv_prog_cc_c89=
ac_cv_prog_cc_g=yes
ac_cv_prog_make_make_set=yes
ax_cv_check_cflags___mavx=yes
ax_cv_check_cflags___mmmx=yes
ax_cv_check_cflags___mpclmul=yes
ax_cv_check_cflags___msse2=yes
ax_cv_check_cflags___msse3=yes
ax_cv_check_cflags___msse4_1=yes
ax_cv_check_cflags___msse4_2=yes
ax_cv_check_cflags___msse=yes
ax_cv_check_cflags___mssse3=yes
ax_cv_gcc_x86_avx_xgetbv_0x00000000=1f:0
ax_cv_gcc_x86_avx_xgetbv_=unknown
ax_cv_gcc_x86_cpuid_0x00000001=906e9:4100800:7ffafbff:bfebfbff
ax_cv_gcc_x86_cpuid_=unknown
ax_cv_have_avx_cpu_ext=yes
ax_cv_have_avx_ext=yes
ax_cv_have_mmx_ext=yes
ax_cv_have_pclmuldq_ext=yes
ax_cv_have_sse2_ext=yes
ax_cv_have_sse3_ext=yes
ax_cv_have_sse41_ext=yes
ax_cv_have_sse42_ext=yes
ax_cv_have_sse_ext=yes
ax_cv_have_ssse3_ext=yes
ax_cv_support_avx_ext=yes
ax_cv_support_mmx_ext=yes
ax_cv_support_pclmuldq_ext=yes
ax_cv_support_sse2_ext=yes
ax_cv_support_sse3_ext=yes
ax_cv_support_sse41_ext=yes
ax_cv_support_sse42_ext=yes
ax_cv_support_sse_ext=yes
ax_cv_support_ssse3_ext=yes
lt_cv_archive_cmds_need_lc=no
lt_cv_deplibs_check_method=pass_all
lt_cv_file_magic_cmd='$MAGIC_CMD'
lt_cv_file_magic_test_file=
lt_cv_ld_reload_flag=-r
lt_cv_nm_interface='BSD nm'
lt_cv_objdir=.libs
lt_cv_path_LD=/usr/bin/ld
lt_cv_path_NM='/usr/bin/nm -B'
lt_cv_prog_compiler_c_o=yes
lt_cv_prog_compiler_pic_works=yes
lt_cv_prog_compiler_rtti_exceptions=no
lt_cv_prog_compiler_static_works=yes
lt_cv_prog_gnu_ld=yes
lt_cv_shlibpath_overrides_runpath=no
lt_cv_sys_global_symbol_pipe='sed -n -e '\''s/^.*[	 ]\([ABCDGIRSTW][ABCDGIRSTW]*\)[	 ][	 ]*\([_A-Za-z][_A-Za-z0-9]*\)$/\1 \2 \2/p'\'''
lt_cv_sys_global_symbol_to_c_name_address='sed -n -e '\''s/^: \([^ ]*\) $/  {\"\1\", (void *) 0},/p'\'' -e '\''s/^[ABCDGIRSTW]* \([^ ]*\) \([^ ]*\)$/  {"\2", (void *) \&\2},/p'\'''
lt_cv_sys_global_symbol_to_c_name_address_lib_prefix='sed -n -e '\''s/^: \([^ ]*\) $/  {\"\1\", (void *) 0},/p'\'' -e '\''s/^[ABCDGIRSTW]* \([^ ]*\) \(lib[^ ]*\)$/  {"\2", (void *) \&\2},/p'\'' -e '\''s/^[ABCDGIRSTW]* \([^ ]*\) \([^ ]*\)$/  {"lib\2", (void *) \&\2},/p'\'''
lt_cv_sys_global_symbol_to_cdecl='sed -n -e '\''s/^T .* \(.*\)$/extern int \1();/p'\'' -e '\''s/^[ABCDGIRSTW]* .* \(.*\)$/extern char \1;/p'\'''
lt_cv_sys_max_cmd_len=1572864

## ----------------- ##
## Output variables. ##
## ----------------- ##

ACLOCAL='${SHELL} /home/demon/code/cdstore/client/lib/gf_complete/missing --run aclocal-1.10'
AMTAR='${SHELL} /home/demon/code/cdstore/client/lib/gf_complete/missing --run tar'
AR='ar'
AUTOCONF='${SHELL} /home/demon/code/cdstore/client/lib/gf_complete/missing --run autoconf'
AUTOHEADER='${SHELL} /home/demon/code/cdstore/client/lib/gf_complete/missing --run autoheader'
AUTOMAKE='${SHELL} /home/demon/code/cdstore/client/lib/gf_complete/missing --run automake-1.10'
AWK='mawk'
CC='gcc'
CFLAGS='-O3 -g'
CPP='gcc -E'
CPPFLAGS=''
CYGPATH_W='echo'
DEFS='-DHAVE_CONFIG_H'
DSYMUTIL=''
DUMPBIN=''
ECHO_C=''
ECHO_N='-n'
ECHO_T=''
EGREP='/bin/grep -E'
EXEEXT=''
FGREP='/bin/grep -F'
GREP='/bin/grep'
INSTALL_DATA='${INSTALL} -m 644'
INSTALL_PROGRAM='${INSTALL}'
INSTALL_SCRIPT='${INSTALL}'
INSTALL_STRIP_PROGRAM='$(install_sh) -c -s'
LD='/usr/bin/ld -m elf_x86_64'
LDFLAGS=''
LIBOBJS=''
LIBS=''
LIBTOOL='$(SHELL) $(top_builddir)/libtool'
LIPO=''
LN_S='ln -s'
LTLIBOBJS=''
MAINT='#'
MAINTAINER_MODE_FALSE=''
MAINTAINER_MODE_TRUE='#'
MAKEINFO='${SHELL} /home/demon/code/cdstore/client/lib/gf_complete/missing --run makeinfo'
NM='/usr/bin/nm -B'
NMEDIT=''
OBJDUMP='objdump'
OBJEXT='o'
OTOOL64=''
OTOOL=''
PACKAGE='gf-complete'
PACKAGE_BUGREPORT=''
PACKAGE_NAME='gf-complete'
PACKAGE_STRING='gf-complete 1.0'
PACKAGE_TARNAME='gf-complete'
PACKAGE_VERSION='1.0'
PATH_SEPARATOR=':'
RANLIB='ranlib'
SED='/bin/sed'
SET_MAKE=''
SHELL='/bin/bash'
SIMD_FLAGS=' -mmmx -msse -DINTEL_SSE -msse2 -DINTEL_SSE2 -msse3 -DINTEL_SSE3 -mpclmul -DINTEL_SSE4_PCLMUL -mssse3 -DINTEL_SSSE3 -msse4.1 -DINTEL_SSE4 -msse4.2 -DINTEL_SSE4 -mavx'
STRIP='strip'
VERSION='1.0'
ac_ct_CC='gcc'
ac_ct_DUMPBIN=''
am__isrc=''
am__leading_dot='.'
am__tar='${AMTAR} chof - "$$tardir"'
am__untar='${AMTAR} xf -'
bindir='${exec_prefix}/bin'
build='x86_64-unknown-linux-gnu'
build_alias=''
build_cpu='x86_64'
build_os='linux-gnu'
build_vendor='unknown'
datadir='${datarootdir}'
datarootdir='${prefix}/share'
docdir='${datarootdir}/doc/${PACKAGE_TARNAME}'
dvidir='${docdir}'
exec_prefix='${prefix}'
host='x86_64-unknown-linux-gnu'
host_alias=''
host_cpu='x86_64'
host_os='linux-gnu'
host_vendor='unknown'
htmldir='${docdir}'
includedir='${prefix}/include'
infodir='${datarootdir}/info'
install_sh='$(SHELL) /home/demon/code/cdstore/client/lib/gf_complete/install-sh'
libdir='${exec_prefix}/lib'
libexecdir='${exec_prefix}/libexec'
localedir='${datarootdir}/locale'
localstatedir='${prefix}/var'
mandir='${datarootdir}/man'
mkdir_p='/bin/mkdir -p'
oldincludedir='/usr/include'
pdfdir='${docdir}'
prefix='/usr/local'
program_transform_name='s,x,x,'
psdir='${docdir}'
sbindir='${exec_prefix}/sbin'
sharedstatedir='${prefix}/com'
sysconfdir='${prefix}/etc'
target_alias=''

## ----------- ##
## confdefs.h. ##
## ----------- ##

#define PACKAGE_NAME "gf-complete"
#define PACKAGE_TARNAME "gf-complete"
#define PACKAGE_VERSION "1.0"
#define PACKAGE_STRING "gf-complete 1.0"
#define PACKAGE_BUGREPORT ""
#define PACKAGE "gf-complete"
#define VERSION "1.0"
#define STDC_HEADERS 1
#define HAVE_SYS_TYPES_H 1
#define HAVE_SYS_STAT_H 1
#define HAVE_STDLIB_H 1
#define HAVE_STRING_H 1
#define HAVE_MEMORY_H 1
#define HAVE_STRINGS_H 1
#define HAVE_INTTYPES_H 1
#define HAVE_STDINT_H 1
#define HAVE_UNISTD_H 1
#define HAVE_DLFCN_H 1
#define LT_OBJDIR ".libs/"
#define HAVE_MMX
#define HAVE_SSE
#define HAVE_SSE2
#define HAVE_SSE3
#define HAVE_PCLMULDQ
#define HAVE_SSSE3
#define HAVE_SSE4_1
#define HAVE_SSE4_2
#define HAVE_AVX

configure: exit 0
